<?xml version="1.0" encoding="UTF-8"?>
<testng-results ignored="0" total="4" passed="3" failed="1" skipped="0">
  <reporter-output>
  </reporter-output>
  <suite started-at="2021-06-03T09:37:32Z" name="GetMyCart-Automation-Selenium-TestNG" finished-at="2021-06-03T09:38:31Z" duration-ms="59297">
    <groups>
    </groups>
    <test started-at="2021-06-03T09:37:32Z" name="GetMyCartApp Test" finished-at="2021-06-03T09:38:31Z" duration-ms="59297">
      <class name="com.getmycart.testCases.TC_OpenURL">
        <test-method is-config="true" signature="setUp(java.lang.String)[pri:0, instance:com.getmycart.testCases.TC_OpenURL@6ff29830]" started-at="2021-06-03T09:37:32Z" name="setUp" finished-at="2021-06-03T09:37:42Z" duration-ms="9618" status="PASS">
          <params>
            <param index="0">
              <value>
                <![CDATA[chrome]]>
              </value>
            </param>
          </params>
          <reporter-output>
          </reporter-output>
        </test-method> <!-- setUp -->
        <test-method signature="myPage()[pri:0, instance:com.getmycart.testCases.TC_OpenURL@6ff29830]" started-at="2021-06-03T09:37:42Z" name="myPage" finished-at="2021-06-03T09:37:42Z" duration-ms="240" status="PASS">
          <reporter-output>
          </reporter-output>
        </test-method> <!-- myPage -->
        <test-method is-config="true" signature="tearDown()[pri:0, instance:com.getmycart.testCases.TC_OpenURL@6ff29830]" started-at="2021-06-03T09:37:42Z" name="tearDown" finished-at="2021-06-03T09:37:42Z" duration-ms="169" status="PASS">
          <reporter-output>
          </reporter-output>
        </test-method> <!-- tearDown -->
      </class> <!-- com.getmycart.testCases.TC_OpenURL -->
      <class name="com.getmycart.testCases.TC_Login">
        <test-method is-config="true" signature="setUp(java.lang.String)[pri:0, instance:com.getmycart.testCases.TC_Login@6a2b953e]" started-at="2021-06-03T09:37:42Z" name="setUp" finished-at="2021-06-03T09:37:51Z" duration-ms="8688" status="PASS">
          <params>
            <param index="0">
              <value>
                <![CDATA[chrome]]>
              </value>
            </param>
          </params>
          <reporter-output>
          </reporter-output>
        </test-method> <!-- setUp -->
        <test-method signature="loginTest(java.lang.String, java.lang.String)[pri:0, instance:com.getmycart.testCases.TC_Login@6a2b953e]" started-at="2021-06-03T09:37:52Z" name="loginTest" data-provider="LoginData" finished-at="2021-06-03T09:37:53Z" duration-ms="574" status="PASS">
          <params>
            <param index="0">
              <value>
                <![CDATA[patil@gmail.com]]>
              </value>
            </param>
            <param index="1">
              <value>
                <![CDATA[1234]]>
              </value>
            </param>
          </params>
          <reporter-output>
          </reporter-output>
        </test-method> <!-- loginTest -->
        <test-method is-config="true" signature="tearDown()[pri:0, instance:com.getmycart.testCases.TC_Login@6a2b953e]" started-at="2021-06-03T09:37:53Z" name="tearDown" finished-at="2021-06-03T09:37:53Z" duration-ms="107" status="PASS">
          <reporter-output>
          </reporter-output>
        </test-method> <!-- tearDown -->
      </class> <!-- com.getmycart.testCases.TC_Login -->
      <class name="com.getmycart.testCases.TC_BuyProduct_001">
        <test-method is-config="true" signature="setUp(java.lang.String)[pri:0, instance:com.getmycart.testCases.TC_BuyProduct_001@2f465398]" started-at="2021-06-03T09:38:03Z" name="setUp" finished-at="2021-06-03T09:38:13Z" duration-ms="9283" status="PASS">
          <params>
            <param index="0">
              <value>
                <![CDATA[chrome]]>
              </value>
            </param>
          </params>
          <reporter-output>
          </reporter-output>
        </test-method> <!-- setUp -->
        <test-method signature="BuyProduct()[pri:0, instance:com.getmycart.testCases.TC_BuyProduct_001@2f465398]" started-at="2021-06-03T09:38:13Z" name="BuyProduct" finished-at="2021-06-03T09:38:31Z" duration-ms="18491" status="FAIL">
          <exception class="java.lang.AssertionError">
            <message>
              <![CDATA[expected [true] but found [false]]]>
            </message>
            <full-stacktrace>
              <![CDATA[java.lang.AssertionError: expected [true] but found [false]
at org.testng.Assert.fail(Assert.java:96)
at org.testng.Assert.failNotEquals(Assert.java:776)
at org.testng.Assert.assertTrue(Assert.java:44)
at org.testng.Assert.assertTrue(Assert.java:54)
at com.getmycart.testCases.TC_BuyProduct_001.BuyProduct(TC_BuyProduct_001.java:68)
at java.base/jdk.internal.reflect.NativeMethodAccessorImpl.invoke0(Native Method)
at java.base/jdk.internal.reflect.NativeMethodAccessorImpl.invoke(NativeMethodAccessorImpl.java:62)
at java.base/jdk.internal.reflect.DelegatingMethodAccessorImpl.invoke(DelegatingMethodAccessorImpl.java:43)
at java.base/java.lang.reflect.Method.invoke(Method.java:566)
at org.testng.internal.MethodInvocationHelper.invokeMethod(MethodInvocationHelper.java:124)
at org.testng.internal.Invoker.invokeMethod(Invoker.java:583)
at org.testng.internal.Invoker.invokeTestMethod(Invoker.java:719)
at org.testng.internal.Invoker.invokeTestMethods(Invoker.java:989)
at org.testng.internal.TestMethodWorker.invokeTestMethods(TestMethodWorker.java:125)
at org.testng.internal.TestMethodWorker.run(TestMethodWorker.java:109)
at org.testng.TestRunner.privateRun(TestRunner.java:648)
at org.testng.TestRunner.run(TestRunner.java:505)
at org.testng.SuiteRunner.runTest(SuiteRunner.java:455)
at org.testng.SuiteRunner.runSequentially(SuiteRunner.java:450)
at org.testng.SuiteRunner.privateRun(SuiteRunner.java:415)
at org.testng.SuiteRunner.run(SuiteRunner.java:364)
at org.testng.SuiteRunnerWorker.runSuite(SuiteRunnerWorker.java:52)
at org.testng.SuiteRunnerWorker.run(SuiteRunnerWorker.java:84)
at org.testng.TestNG.runSuitesSequentially(TestNG.java:1208)
at org.testng.TestNG.runSuitesLocally(TestNG.java:1137)
at org.testng.TestNG.runSuites(TestNG.java:1049)
at org.testng.TestNG.run(TestNG.java:1017)
at org.testng.remote.AbstractRemoteTestNG.run(AbstractRemoteTestNG.java:115)
at org.testng.remote.RemoteTestNG.initAndRun(RemoteTestNG.java:251)
at org.testng.remote.RemoteTestNG.main(RemoteTestNG.java:77)
]]>
            </full-stacktrace>
          </exception> <!-- java.lang.AssertionError -->
          <reporter-output>
          </reporter-output>
        </test-method> <!-- BuyProduct -->
        <test-method is-config="true" signature="tearDown()[pri:0, instance:com.getmycart.testCases.TC_BuyProduct_001@2f465398]" started-at="2021-06-03T09:38:31Z" name="tearDown" finished-at="2021-06-03T09:38:31Z" duration-ms="94" status="PASS">
          <reporter-output>
          </reporter-output>
        </test-method> <!-- tearDown -->
      </class> <!-- com.getmycart.testCases.TC_BuyProduct_001 -->
      <class name="com.getmycart.testCases.TC_Logout">
        <test-method is-config="true" signature="setUp(java.lang.String)[pri:0, instance:com.getmycart.testCases.TC_Logout@313b2ea6]" started-at="2021-06-03T09:37:53Z" name="setUp" finished-at="2021-06-03T09:38:01Z" duration-ms="8382" status="PASS">
          <params>
            <param index="0">
              <value>
                <![CDATA[chrome]]>
              </value>
            </param>
          </params>
          <reporter-output>
          </reporter-output>
        </test-method> <!-- setUp -->
        <test-method signature="logoutTest()[pri:0, instance:com.getmycart.testCases.TC_Logout@313b2ea6]" started-at="2021-06-03T09:38:01Z" name="logoutTest" finished-at="2021-06-03T09:38:03Z" duration-ms="1747" status="PASS">
          <reporter-output>
          </reporter-output>
        </test-method> <!-- logoutTest -->
        <test-method is-config="true" signature="tearDown()[pri:0, instance:com.getmycart.testCases.TC_Logout@313b2ea6]" started-at="2021-06-03T09:38:03Z" name="tearDown" finished-at="2021-06-03T09:38:03Z" duration-ms="161" status="PASS">
          <reporter-output>
          </reporter-output>
        </test-method> <!-- tearDown -->
      </class> <!-- com.getmycart.testCases.TC_Logout -->
    </test> <!-- GetMyCartApp Test -->
  </suite> <!-- GetMyCart-Automation-Selenium-TestNG -->
</testng-results>
