<?xml version="1.0" encoding="UTF-8"?>
<!-- Generated by org.testng.reporters.JUnitXMLReporter -->
<testsuite ignored="0" hostname="DESKTOP-T9EDT32" failures="1" tests="4" name="GetMyCartApp Test" time="59.297" errors="0" timestamp="03 Jun 2021 09:38:31 GMT">
  <testcase classname="com.getmycart.testCases.TC_OpenURL" name="myPage" time="0.24"/>
  <testcase classname="com.getmycart.testCases.TC_Login" name="loginTest" time="0.574"/>
  <testcase classname="com.getmycart.testCases.TC_Logout" name="logoutTest" time="1.747"/>
  <testcase classname="com.getmycart.testCases.TC_BuyProduct_001" name="BuyProduct" time="18.491">
    <failure type="java.lang.AssertionError" message="expected [true] but found [false]">
      <![CDATA[java.lang.AssertionError: expected [true] but found [false]
at com.getmycart.testCases.TC_BuyProduct_001.BuyProduct(TC_BuyProduct_001.java:68)
... Removed 29 stack frames]]>
    </failure>
  </testcase> <!-- BuyProduct -->
</testsuite> <!-- GetMyCartApp Test -->
